# JRE version: OpenJDK Runtime Environment (11.0.13+8) (build 11.0.13+8-Ubuntu-0ubuntu1.20.04)
# Java VM: OpenJDK 64-Bit Server VM (11.0.13+8-Ubuntu-0ubuntu1.20.04, mixed mode, sharing, tiered, compressed oops, g1 gc, linux-amd64)
Heap:
 garbage-first heap   total 504832K, used 130642K [0x0000000707a00000, 0x0000000800000000)
  region size 1024K, 123 young (125952K), 14 survivors (14336K)
 Metaspace       used 53309K, capacity 54901K, committed 55248K, reserved 1097728K
  class space    used 6810K, capacity 7419K, committed 7456K, reserved 1048576K
GC Heap History (18 events):
Event: 1.069 GC heap before
{Heap before GC invocations=0 (full 0):
 garbage-first heap   total 258048K, used 15048K [0x0000000707a00000, 0x0000000800000000)
  region size 1024K, 14 young (14336K), 0 survivors (0K)
 Metaspace       used 3428K, capacity 5329K, committed 5632K, reserved 1056768K
  class space    used 299K, capacity 476K, committed 512K, reserved 1048576K
}
Event: 1.106 GC heap after
{Heap after GC invocations=1 (full 0):
 garbage-first heap   total 258048K, used 5733K [0x0000000707a00000, 0x0000000800000000)
  region size 1024K, 2 young (2048K), 2 survivors (2048K)
 Metaspace       used 3428K, capacity 5329K, committed 5632K, reserved 1056768K
  class space    used 299K, capacity 476K, committed 512K, reserved 1048576K
}
Event: 1.296 GC heap before
{Heap before GC invocations=1 (full 0):
 garbage-first heap   total 258048K, used 15973K [0x0000000707a00000, 0x0000000800000000)
  region size 1024K, 12 young (12288K), 2 survivors (2048K)
 Metaspace       used 4165K, capacity 5738K, committed 6016K, reserved 1056768K
  class space    used 401K, capacity 548K, committed 640K, reserved 1048576K
}
Event: 1.319 GC heap after
{Heap after GC invocations=2 (full 0):
 garbage-first heap   total 258048K, used 6090K [0x0000000707a00000, 0x0000000800000000)
  region size 1024K, 1 young (1024K), 1 survivors (1024K)
 Metaspace       used 4165K, capacity 5738K, committed 6016K, reserved 1056768K
  class space    used 401K, capacity 548K, committed 640K, reserved 1048576K
}
Event: 1.763 GC heap before
{Heap before GC invocations=2 (full 0):
 garbage-first heap   total 258048K, used 30666K [0x0000000707a00000, 0x0000000800000000)
  region size 1024K, 25 young (25600K), 1 survivors (1024K)
 Metaspace       used 7157K, capacity 7655K, committed 7808K, reserved 1056768K
  class space    used 759K, capacity 828K, committed 896K, reserved 1048576K
}
Event: 1.775 GC heap after
{Heap after GC invocations=3 (full 0):
 garbage-first heap   total 258048K, used 7127K [0x0000000707a00000, 0x0000000800000000)
  region size 1024K, 2 young (2048K), 2 survivors (2048K)
 Metaspace       used 7157K, capacity 7655K, committed 7808K, reserved 1056768K
  class space    used 759K, capacity 828K, committed 896K, reserved 1048576K
}
Event: 2.616 GC heap before
{Heap before GC invocations=3 (full 0):
 garbage-first heap   total 258048K, used 59351K [0x0000000707a00000, 0x0000000800000000)
  region size 1024K, 53 young (54272K), 2 survivors (2048K)
 Metaspace       used 12654K, capacity 13158K, committed 13312K, reserved 1060864K
  class space    used 1514K, capacity 1715K, committed 1792K, reserved 1048576K
}
Event: 2.625 GC heap after
{Heap after GC invocations=4 (full 0):
 garbage-first heap   total 258048K, used 8892K [0x0000000707a00000, 0x0000000800000000)
  region size 1024K, 4 young (4096K), 4 survivors (4096K)
 Metaspace       used 12654K, capacity 13158K, committed 13312K, reserved 1060864K
  class space    used 1514K, capacity 1715K, committed 1792K, reserved 1048576K
}
Event: 3.308 GC heap before
{Heap before GC invocations=4 (full 0):
 garbage-first heap   total 258048K, used 86716K [0x0000000707a00000, 0x0000000800000000)
  region size 1024K, 81 young (82944K), 4 survivors (4096K)
 Metaspace       used 18550K, capacity 19156K, committed 19456K, reserved 1067008K
  class space    used 2214K, capacity 2455K, committed 2560K, reserved 1048576K
}
Event: 3.318 GC heap after
{Heap after GC invocations=5 (full 0):
 garbage-first heap   total 349184K, used 9933K [0x0000000707a00000, 0x0000000800000000)
  region size 1024K, 5 young (5120K), 5 survivors (5120K)
 Metaspace       used 18550K, capacity 19156K, committed 19456K, reserved 1067008K
  class space    used 2214K, capacity 2455K, committed 2560K, reserved 1048576K
}
Event: 4.018 GC heap before
{Heap before GC invocations=5 (full 0):
 garbage-first heap   total 349184K, used 70349K [0x0000000707a00000, 0x0000000800000000)
  region size 1024K, 66 young (67584K), 5 survivors (5120K)
 Metaspace       used 20504K, capacity 21173K, committed 21296K, reserved 1069056K
  class space    used 2417K, capacity 2673K, committed 2688K, reserved 1048576K
}
Event: 4.052 GC heap after
{Heap after GC invocations=6 (full 0):
 garbage-first heap   total 349184K, used 10772K [0x0000000707a00000, 0x0000000800000000)
  region size 1024K, 5 young (5120K), 5 survivors (5120K)
 Metaspace       used 20504K, capacity 21173K, committed 21296K, reserved 1069056K
  class space    used 2417K, capacity 2673K, committed 2688K, reserved 1048576K
}
Event: 6.749 GC heap before
{Heap before GC invocations=7 (full 0):
 garbage-first heap   total 349184K, used 213524K [0x0000000707a00000, 0x0000000800000000)
  region size 1024K, 204 young (208896K), 5 survivors (5120K)
 Metaspace       used 33278K, capacity 34382K, committed 34684K, reserved 1079296K
  class space    used 4090K, capacity 4541K, committed 4556K, reserved 1048576K
}
Event: 6.785 GC heap after
{Heap after GC invocations=8 (full 0):
 garbage-first heap   total 349184K, used 15818K [0x0000000707a00000, 0x0000000800000000)
  region size 1024K, 10 young (10240K), 10 survivors (10240K)
 Metaspace       used 33278K, capacity 34382K, committed 34684K, reserved 1079296K
  class space    used 4090K, capacity 4541K, committed 4556K, reserved 1048576K
}
Event: 6.962 GC heap before
{Heap before GC invocations=8 (full 0):
 garbage-first heap   total 349184K, used 34250K [0x0000000707a00000, 0x0000000800000000)
  region size 1024K, 29 young (29696K), 10 survivors (10240K)
 Metaspace       used 34769K, capacity 35898K, committed 36048K, reserved 1081344K
  class space    used 4373K, capacity 4853K, committed 4896K, reserved 1048576K
}
Event: 7.016 GC heap after
{Heap after GC invocations=9 (full 0):
 garbage-first heap   total 349184K, used 15754K [0x0000000707a00000, 0x0000000800000000)
  region size 1024K, 10 young (10240K), 10 survivors (10240K)
 Metaspace       used 34769K, capacity 35898K, committed 36048K, reserved 1081344K
  class space    used 4373K, capacity 4853K, committed 4896K, reserved 1048576K
}
Event: 8.804 GC heap before
{Heap before GC invocations=10 (full 0):
 garbage-first heap   total 349184K, used 168330K [0x0000000707a00000, 0x0000000800000000)
  region size 1024K, 159 young (162816K), 10 survivors (10240K)
 Metaspace       used 47419K, capacity 48742K, committed 49104K, reserved 1091584K
  class space    used 6101K, capacity 6592K, committed 6688K, reserved 1048576K
}
Event: 8.842 GC heap after
{Heap after GC invocations=11 (full 0):
 garbage-first heap   total 504832K, used 20050K [0x0000000707a00000, 0x0000000800000000)
  region size 1024K, 14 young (14336K), 14 survivors (14336K)
 Metaspace       used 47419K, capacity 48742K, committed 49104K, reserved 1091584K
  class space    used 6101K, capacity 6592K, committed 6688K, reserved 1048576K
}

